<?xml version="1.0" encoding="UTF-8"?>
<!-- Generated by org.testng.reporters.JUnitReportReporter -->
<testsuite hostname="DESKTOP-R3O90SV" failures="0" tests="5" name="Worldline_Level_3.Task.IndigoFlightSearch" time="30.681" errors="0" timestamp="2024-03-18T20:36:00 IST" skipped="0">
  <testcase classname="Worldline_Level_3.Task.IndigoFlightSearch" name="closeAdvertisement" time="0.428"/>
  <testcase classname="Worldline_Level_3.Task.IndigoFlightSearch" name="searchFlight" time="15.822"/>
  <testcase classname="Worldline_Level_3.Task.IndigoFlightSearch" name="displayAvailableFlights" time="1.229"/>
  <testcase classname="Worldline_Level_3.Task.IndigoFlightSearch" name="modifyPassengerCount" time="7.079"/>
  <testcase classname="Worldline_Level_3.Task.IndigoFlightSearch" name="openIndigoWebsite" time="6.123"/>
</testsuite> <!-- Worldline_Level_3.Task.IndigoFlightSearch -->
